<?xml version="1.0" encoding="UTF-8"?>
<testng-results ignored="0" total="1" passed="1" failed="0" skipped="0">
  <reporter-output>
  </reporter-output>
  <suite started-at="2025-01-06T11:56:51 EST" name="Default suite" finished-at="2025-01-06T11:56:54 EST" duration-ms="2503">
    <groups>
    </groups>
    <test started-at="2025-01-06T11:56:51 EST" name="Default test" finished-at="2025-01-06T11:56:54 EST" duration-ms="2503">
      <class name="demo.oAuthDemo">
        <test-method signature="getCourses()[pri:0, instance:demo.oAuthDemo@3a44431a]" started-at="2025-01-06T11:56:51 EST" name="getCourses" finished-at="2025-01-06T11:56:54 EST" duration-ms="2492" status="PASS">
          <reporter-output>
          </reporter-output>
        </test-method> <!-- getCourses -->
      </class> <!-- demo.oAuthDemo -->
    </test> <!-- Default test -->
  </suite> <!-- Default suite -->
</testng-results>
